<?xml version="1.0" encoding="UTF-8"?>
<testsuite name="com.example.project.LinearCalculatorTest" tests="4" skipped="0" failures="0" errors="0" timestamp="2024-10-22T13:04:54" hostname="codespaces-9172c6" time="0.224">
  <properties/>
  <testcase name="testFindSymmetry()" classname="com.example.project.LinearCalculatorTest" time="0.027"/>
  <testcase name="testMidpoint()" classname="com.example.project.LinearCalculatorTest" time="0.033"/>
  <testcase name="testPrintInfo1()" classname="com.example.project.LinearCalculatorTest" time="0.133"/>
  <testcase name="testPrintInfo2()" classname="com.example.project.LinearCalculatorTest" time="0.019"/>
  <system-out><![CDATA[8.0
2.8284271247461903
]]></system-out>
  <system-err><![CDATA[]]></system-err>
</testsuite>
